<?xml version="1.0" encoding="UTF-8"?>
<!-- Generated by org.testng.reporters.JUnitReportReporter -->
<testsuite hostname="Giron" failures="0" tests="1" name="tests.rest.TC001_CreateIncident" time="2.807" errors="0" timestamp="2023-02-23T21:09:48 PST" skipped="0">
  <testcase classname="tests.rest.TC001_CreateIncident" name="createIncident" time="2.807"/>
  <system-out/>
</testsuite> <!-- tests.rest.TC001_CreateIncident -->
