<?xml version="1.0" encoding="UTF-8"?>
<!-- Generated by org.testng.reporters.JUnitReportReporter -->
<testsuite hostname="Giron" failures="0" tests="1" name="tests.selenium.TC003_CreateIncidentUsingRestAndVerifyUsingSelenium" time="2.538" errors="0" timestamp="2023-02-23T21:10:44 PST" skipped="0">
  <testcase classname="tests.selenium.TC003_CreateIncidentUsingRestAndVerifyUsingSelenium" name="createIncident" time="2.538"/>
  <system-out/>
</testsuite> <!-- tests.selenium.TC003_CreateIncidentUsingRestAndVerifyUsingSelenium -->
