<?xml version="1.0" encoding="UTF-8"?>
<!-- Generated by org.testng.reporters.JUnitReportReporter -->
<testsuite hostname="Giron" failures="0" tests="1" name="tests.selenium.TC002_CreateIncidentAndGetFromRest" time="6.275" errors="0" timestamp="2023-02-23T22:34:44 PST" skipped="0">
  <testcase classname="tests.selenium.TC002_CreateIncidentAndGetFromRest" name="createIncident" time="6.275"/>
  <system-out/>
</testsuite> <!-- tests.selenium.TC002_CreateIncidentAndGetFromRest -->
